<?xml version="1.0" encoding="UTF-8"?>
<!-- Generated by org.testng.reporters.JUnitReportReporter -->
<testsuite hostname="abhishek" name="Test" tests="1" failures="0" timestamp="7 Mar 2017 09:51:56 GMT" time="1.817" errors="0">
  <testcase name="launchChrome" time="1.817" classname="Test"/>
</testsuite> <!-- Test -->
