<?xml version="1.0" encoding="UTF-8"?>
<!-- Generated by org.testng.reporters.JUnitReportReporter -->
<testsuite hostname="abhishek" name="guru99tests.CreateNewCustomer" tests="1" failures="0" timestamp="6 Mar 2017 09:16:33 GMT" time="1.821" errors="0">
  <testcase name="test_Home_Page_Appear_Correct" time="1.821" classname="guru99tests.CreateNewCustomer"/>
</testsuite> <!-- guru99tests.CreateNewCustomer -->
