<?xml version="1.0" encoding="UTF-8"?>
<!-- Generated by org.testng.reporters.JUnitReportReporter -->
<testsuite hostname="abhishek" name="automationEcommerce.AddToCartWithSignedInUser" tests="1" failures="0" timestamp="7 Mar 2017 11:55:33 GMT" time="18.896" errors="0">
  <testcase name="addToCartThroughQuickView" time="18.896" classname="automationEcommerce.AddToCartWithSignedInUser"/>
</testsuite> <!-- automationEcommerce.AddToCartWithSignedInUser -->
